<?xml version="1.0" encoding="UTF-8"?>
<!-- Generated by org.testng.reporters.JUnitReportReporter -->
<testsuite hostname="LAPTOP-9Q779FD5" failures="0" tests="2" name="rahulshettyacademy.APITest" time="0.007" errors="0" timestamp="2021-12-23T13:56:28 IST" skipped="0">
  <testcase classname="rahulshettyacademy.APITest" name="postjira" time="0.000"/>
  <system-out/>
  <testcase classname="rahulshettyacademy.APITest" name="deletetwitter" time="0.007"/>
  <system-out/>
</testsuite> <!-- rahulshettyacademy.APITest -->
