<?xml version="1.0" encoding="UTF-8"?>
<!-- Generated by org.testng.reporters.JUnitReportReporter -->
<testsuite hostname="LAPTOP-9Q779FD5" failures="0" tests="2" name="rahulshettyacademy.Mavenjava.APItest" time="0.003" errors="0" timestamp="2021-12-23T13:56:28 IST" skipped="0">
  <testcase classname="rahulshettyacademy.Mavenjava.APItest" name="postjira" time="0.002"/>
  <system-out/>
  <testcase classname="rahulshettyacademy.Mavenjava.APItest" name="deletetwitter" time="0.001"/>
  <system-out/>
</testsuite> <!-- rahulshettyacademy.Mavenjava.APItest -->
