<?xml version="1.0" encoding="UTF-8"?>
<!-- Generated by org.testng.reporters.JUnitReportReporter -->
<testsuite hostname="LAPTOP-9Q779FD5" failures="0" tests="2" name="rahulshettyacademy.Mavenjava.seleniumtest" time="0.001" errors="0" timestamp="22 Dec 2021 11:55:45 GMT">
  <testcase classname="rahulshettyacademy.Mavenjava.seleniumtest" name="BrowserAutomation" time="0.000"/>
  <testcase classname="rahulshettyacademy.Mavenjava.seleniumtest" name="ElementsUI" time="0.001"/>
</testsuite> <!-- rahulshettyacademy.Mavenjava.seleniumtest -->
