<?xml version="1.0" encoding="UTF-8"?>
<!-- Generated by org.testng.reporters.JUnitReportReporter -->
<testsuite hostname="LAPTOP-9Q779FD5" failures="0" tests="2" name="rahulshettyacademy.APITest" time="0.005" errors="0" timestamp="23 Dec 2021 08:26:05 GMT">
  <testcase classname="rahulshettyacademy.APITest" name="postjira" time="0.000"/>
  <testcase classname="rahulshettyacademy.APITest" name="deletetwitter" time="0.005"/>
</testsuite> <!-- rahulshettyacademy.APITest -->
