<?xml version="1.0" encoding="UTF-8"?>
<!-- Generated by org.testng.reporters.JUnitReportReporter -->
<testsuite hostname="LAPTOP-9Q779FD5" failures="0" tests="2" name="rahulshettyacademy.Mavenjava.APItest" time="0.000" errors="0" timestamp="22 Dec 2021 11:55:45 GMT">
  <testcase classname="rahulshettyacademy.Mavenjava.APItest" name="deletetwitter" time="0.000"/>
  <testcase classname="rahulshettyacademy.Mavenjava.APItest" name="postjira" time="0.000"/>
</testsuite> <!-- rahulshettyacademy.Mavenjava.APItest -->
